
> what-to-do-website@1.0.0 build
> next build

  Ôû▓ Next.js 14.2.35
  - Experiments (use with caution):
    ┬À optimizeCss

   Creating an optimized production build ...
Failed to compile.

./app/[locale]/blog/page.tsx
Error: 
  x The "use client" directive must be placed before other expressions. Move it to the top of the file to resolve this issue.
   ,-[C:\Users\xenod\Documents\BLOG\what-to-do-website\app\[locale]\blog\page.tsx:3:1]
 3 | import BlogCard from "@/components/BlogCard";
 4 | import Link from "next/link";
 5 | import { FaArrowLeft } from "react-icons/fa";
 6 | ("use client");
   : ^^^^^^^^^^^^^^^
 7 | 
 8 | import { useState, useEffect } from "react";
 8 | 
   `----

Import trace for requested module:
./app/[locale]/blog/page.tsx


> Build failed because of webpack errors
